Analysis & Synthesis report for prueba
Tue Jun 18 19:50:51 2019
Quartus II Version 9.0 Build 184 04/29/2009 Service Pack 1 SJ Web Edition


---------------------
; Table of Contents ;
---------------------
  1. Legal Notice
  2. Analysis & Synthesis Summary
  3. Analysis & Synthesis Settings
  4. Analysis & Synthesis Messages



----------------
; Legal Notice ;
----------------
Copyright (C) 1991-2009 Altera Corporation
Your use of Altera Corporation's design tools, logic functions 
and other software and tools, and its AMPP partner logic 
functions, and any output files from any of the foregoing 
(including device programming or simulation files), and any 
associated documentation or information are expressly subject 
to the terms and conditions of the Altera Program License 
Subscription Agreement, Altera MegaCore Function License 
Agreement, or other applicable license agreement, including, 
without limitation, that your use is for the sole purpose of 
programming logic devices manufactured by Altera and sold by 
Altera or its authorized distributors.  Please refer to the 
applicable agreement for further details.



+-----------------------------------------------------------------------------------+
; Analysis & Synthesis Summary                                                      ;
+------------------------------------+----------------------------------------------+
; Analysis & Synthesis Status        ; Failed - Tue Jun 18 19:50:51 2019            ;
; Quartus II Version                 ; 9.0 Build 184 04/29/2009 SP 1 SJ Web Edition ;
; Revision Name                      ; prueba                                       ;
; Top-level Entity Name              ; MIPS_Processor                               ;
; Family                             ; Cyclone II                                   ;
; Total logic elements               ; N/A until Partition Merge                    ;
;     Total combinational functions  ; N/A until Partition Merge                    ;
;     Dedicated logic registers      ; N/A until Partition Merge                    ;
; Total registers                    ; N/A until Partition Merge                    ;
; Total pins                         ; N/A until Partition Merge                    ;
; Total virtual pins                 ; N/A until Partition Merge                    ;
; Total memory bits                  ; N/A until Partition Merge                    ;
; Embedded Multiplier 9-bit elements ; N/A until Partition Merge                    ;
; Total PLLs                         ; N/A until Partition Merge                    ;
+------------------------------------+----------------------------------------------+


+--------------------------------------------------------------------------------------------------------+
; Analysis & Synthesis Settings                                                                          ;
+--------------------------------------------------------------+--------------------+--------------------+
; Option                                                       ; Setting            ; Default Value      ;
+--------------------------------------------------------------+--------------------+--------------------+
; Device                                                       ; EP2C20F484C7       ;                    ;
; Top-level entity name                                        ; MIPS_Processor     ; prueba             ;
; Family name                                                  ; Cyclone II         ; Stratix II         ;
; Use Generated Physical Constraints File                      ; Off                ;                    ;
; Use smart compilation                                        ; Off                ; Off                ;
; Restructure Multiplexers                                     ; Auto               ; Auto               ;
; Create Debugging Nodes for IP Cores                          ; Off                ; Off                ;
; Preserve fewer node names                                    ; On                 ; On                 ;
; Disable OpenCore Plus hardware evaluation                    ; Off                ; Off                ;
; Verilog Version                                              ; Verilog_2001       ; Verilog_2001       ;
; VHDL Version                                                 ; VHDL93             ; VHDL93             ;
; State Machine Processing                                     ; Auto               ; Auto               ;
; Safe State Machine                                           ; Off                ; Off                ;
; Extract Verilog State Machines                               ; On                 ; On                 ;
; Extract VHDL State Machines                                  ; On                 ; On                 ;
; Ignore Verilog initial constructs                            ; Off                ; Off                ;
; Iteration limit for constant Verilog loops                   ; 5000               ; 5000               ;
; Iteration limit for non-constant Verilog loops               ; 250                ; 250                ;
; Add Pass-Through Logic to Inferred RAMs                      ; On                 ; On                 ;
; Parallel Synthesis                                           ; Off                ; Off                ;
; DSP Block Balancing                                          ; Auto               ; Auto               ;
; NOT Gate Push-Back                                           ; On                 ; On                 ;
; Power-Up Don't Care                                          ; On                 ; On                 ;
; Remove Redundant Logic Cells                                 ; Off                ; Off                ;
; Remove Duplicate Registers                                   ; On                 ; On                 ;
; Ignore CARRY Buffers                                         ; Off                ; Off                ;
; Ignore CASCADE Buffers                                       ; Off                ; Off                ;
; Ignore GLOBAL Buffers                                        ; Off                ; Off                ;
; Ignore ROW GLOBAL Buffers                                    ; Off                ; Off                ;
; Ignore LCELL Buffers                                         ; Off                ; Off                ;
; Ignore SOFT Buffers                                          ; On                 ; On                 ;
; Limit AHDL Integers to 32 Bits                               ; Off                ; Off                ;
; Optimization Technique                                       ; Balanced           ; Balanced           ;
; Carry Chain Length                                           ; 70                 ; 70                 ;
; Auto Carry Chains                                            ; On                 ; On                 ;
; Auto Open-Drain Pins                                         ; On                 ; On                 ;
; Perform WYSIWYG Primitive Resynthesis                        ; Off                ; Off                ;
; Auto ROM Replacement                                         ; On                 ; On                 ;
; Auto RAM Replacement                                         ; On                 ; On                 ;
; Auto Shift Register Replacement                              ; Auto               ; Auto               ;
; Auto Clock Enable Replacement                                ; On                 ; On                 ;
; Strict RAM Replacement                                       ; Off                ; Off                ;
; Allow Synchronous Control Signals                            ; On                 ; On                 ;
; Force Use of Synchronous Clear Signals                       ; Off                ; Off                ;
; Auto RAM to Logic Cell Conversion                            ; Off                ; Off                ;
; Auto Resource Sharing                                        ; Off                ; Off                ;
; Allow Any RAM Size For Recognition                           ; Off                ; Off                ;
; Allow Any ROM Size For Recognition                           ; Off                ; Off                ;
; Allow Any Shift Register Size For Recognition                ; Off                ; Off                ;
; Use LogicLock Constraints during Resource Balancing          ; On                 ; On                 ;
; Ignore translate_off and synthesis_off directives            ; Off                ; Off                ;
; Timing-Driven Synthesis                                      ; Off                ; Off                ;
; Show Parameter Settings Tables in Synthesis Report           ; On                 ; On                 ;
; Ignore Maximum Fan-Out Assignments                           ; Off                ; Off                ;
; Synchronization Register Chain Length                        ; 2                  ; 2                  ;
; PowerPlay Power Optimization                                 ; Normal compilation ; Normal compilation ;
; HDL message level                                            ; Level2             ; Level2             ;
; Suppress Register Optimization Related Messages              ; Off                ; Off                ;
; Number of Removed Registers Reported in Synthesis Report     ; 100                ; 100                ;
; Number of Inverted Registers Reported in Synthesis Report    ; 100                ; 100                ;
; Clock MUX Protection                                         ; On                 ; On                 ;
; Auto Gated Clock Conversion                                  ; Off                ; Off                ;
; Block Design Naming                                          ; Auto               ; Auto               ;
; SDC constraint protection                                    ; Off                ; Off                ;
; Synthesis Effort                                             ; Auto               ; Auto               ;
; Shift Register Replacement - Allow Asynchronous Clear Signal ; On                 ; On                 ;
; Analysis & Synthesis Message Level                           ; Medium             ; Medium             ;
+--------------------------------------------------------------+--------------------+--------------------+


+-------------------------------+
; Analysis & Synthesis Messages ;
+-------------------------------+
Info: *******************************************************************
Info: Running Quartus II Analysis & Synthesis
    Info: Version 9.0 Build 184 04/29/2009 Service Pack 1 SJ Web Edition
    Info: Processing started: Tue Jun 18 19:50:47 2019
Info: Command: quartus_map --read_settings_files=on --write_settings_files=off prueba -c prueba
Info: Found 1 design units, including 1 entities, in source file Adder32bits.v
    Info: Found entity 1: Adder32bits
Info: Found 1 design units, including 1 entities, in source file ALU.v
    Info: Found entity 1: ALU
Info: Found 1 design units, including 1 entities, in source file ALUControl.v
    Info: Found entity 1: ALUControl
Info: Found 1 design units, including 1 entities, in source file ANDGate.v
    Info: Found entity 1: ANDGate
Info: Found 1 design units, including 1 entities, in source file Control.v
    Info: Found entity 1: Control
Info: Found 1 design units, including 1 entities, in source file DataMemory.v
    Info: Found entity 1: DataMemory
Info: Found 1 design units, including 1 entities, in source file DecoderRegisterFile.v
    Info: Found entity 1: DecoderRegisterFile
Info: Found 0 design units, including 0 entities, in source file Definitions.v
Info: Found 1 design units, including 1 entities, in source file MIPS_Processor.v
    Info: Found entity 1: MIPS_Processor
Info: Found 1 design units, including 1 entities, in source file MIPS_Processor_TB.v
    Info: Found entity 1: MIPS_Processor_TB
Info: Found 1 design units, including 1 entities, in source file Multiplexer2to1.v
    Info: Found entity 1: Multiplexer2to1
Info: Found 1 design units, including 1 entities, in source file MUXRegisterFile.v
    Info: Found entity 1: MUXRegisterFile
Info: Found 1 design units, including 1 entities, in source file PC_Register.v
    Info: Found entity 1: PC_Register
Info: Found 1 design units, including 1 entities, in source file ProgramMemory.v
    Info: Found entity 1: ProgramMemory
Info: Found 1 design units, including 1 entities, in source file Register.v
    Info: Found entity 1: Register
Info: Found 1 design units, including 1 entities, in source file RegisterFile.v
    Info: Found entity 1: RegisterFile
Info: Found 1 design units, including 1 entities, in source file ShiftLeft2.v
    Info: Found entity 1: ShiftLeft2
Info: Found 1 design units, including 1 entities, in source file SignExtend.v
    Info: Found entity 1: SignExtend
Info: Elaborating entity "MIPS_Processor" for the top level hierarchy
Info: Elaborating entity "Control" for hierarchy "Control:ControlUnit"
Info: Elaborating entity "PC_Register" for hierarchy "PC_Register:ProgramCounter"
Info: Elaborating entity "ProgramMemory" for hierarchy "ProgramMemory:ROMProgramMemory"
Error (10002): Can't open VHDL or Verilog HDL file "C:/BasicMIPSProcessor_Verano2019/"
Warning (10030): Net "rom.data_a[31]" at ProgramMemory.v(30) has no driver or initial value, using a default initial value '0'
Warning (10030): Net "rom.data_a[30]" at ProgramMemory.v(30) has no driver or initial value, using a default initial value '0'
Warning (10030): Net "rom.data_a[29]" at ProgramMemory.v(30) has no driver or initial value, using a default initial value '0'
Warning (10030): Net "rom.data_a[28]" at ProgramMemory.v(30) has no driver or initial value, using a default initial value '0'
Warning (10030): Net "rom.data_a[27]" at ProgramMemory.v(30) has no driver or initial value, using a default initial value '0'
Warning (10030): Net "rom.data_a[26]" at ProgramMemory.v(30) has no driver or initial value, using a default initial value '0'
Warning (10030): Net "rom.data_a[25]" at ProgramMemory.v(30) has no driver or initial value, using a default initial value '0'
Warning (10030): Net "rom.data_a[24]" at ProgramMemory.v(30) has no driver or initial value, using a default initial value '0'
Warning (10030): Net "rom.data_a[23]" at ProgramMemory.v(30) has no driver or initial value, using a default initial value '0'
Warning (10030): Net "rom.data_a[22]" at ProgramMemory.v(30) has no driver or initial value, using a default initial value '0'
Warning (10030): Net "rom.data_a[21]" at ProgramMemory.v(30) has no driver or initial value, using a default initial value '0'
Warning (10030): Net "rom.data_a[20]" at ProgramMemory.v(30) has no driver or initial value, using a default initial value '0'
Warning (10030): Net "rom.data_a[19]" at ProgramMemory.v(30) has no driver or initial value, using a default initial value '0'
Warning (10030): Net "rom.data_a[18]" at ProgramMemory.v(30) has no driver or initial value, using a default initial value '0'
Warning (10030): Net "rom.data_a[17]" at ProgramMemory.v(30) has no driver or initial value, using a default initial value '0'
Warning (10030): Net "rom.data_a[16]" at ProgramMemory.v(30) has no driver or initial value, using a default initial value '0'
Warning (10030): Net "rom.data_a[15]" at ProgramMemory.v(30) has no driver or initial value, using a default initial value '0'
Warning (10030): Net "rom.data_a[14]" at ProgramMemory.v(30) has no driver or initial value, using a default initial value '0'
Warning (10030): Net "rom.data_a[13]" at ProgramMemory.v(30) has no driver or initial value, using a default initial value '0'
Warning (10030): Net "rom.data_a[12]" at ProgramMemory.v(30) has no driver or initial value, using a default initial value '0'
Warning (10030): Net "rom.data_a[11]" at ProgramMemory.v(30) has no driver or initial value, using a default initial value '0'
Warning (10030): Net "rom.data_a[10]" at ProgramMemory.v(30) has no driver or initial value, using a default initial value '0'
Warning (10030): Net "rom.data_a[9]" at ProgramMemory.v(30) has no driver or initial value, using a default initial value '0'
Warning (10030): Net "rom.data_a[8]" at ProgramMemory.v(30) has no driver or initial value, using a default initial value '0'
Warning (10030): Net "rom.data_a[7]" at ProgramMemory.v(30) has no driver or initial value, using a default initial value '0'
Warning (10030): Net "rom.data_a[6]" at ProgramMemory.v(30) has no driver or initial value, using a default initial value '0'
Warning (10030): Net "rom.data_a[5]" at ProgramMemory.v(30) has no driver or initial value, using a default initial value '0'
Warning (10030): Net "rom.data_a[4]" at ProgramMemory.v(30) has no driver or initial value, using a default initial value '0'
Warning (10030): Net "rom.data_a[3]" at ProgramMemory.v(30) has no driver or initial value, using a default initial value '0'
Warning (10030): Net "rom.data_a[2]" at ProgramMemory.v(30) has no driver or initial value, using a default initial value '0'
Warning (10030): Net "rom.data_a[1]" at ProgramMemory.v(30) has no driver or initial value, using a default initial value '0'
Warning (10030): Net "rom.data_a[0]" at ProgramMemory.v(30) has no driver or initial value, using a default initial value '0'
Warning (10030): Net "rom.waddr_a[4]" at ProgramMemory.v(30) has no driver or initial value, using a default initial value '0'
Warning (10030): Net "rom.waddr_a[3]" at ProgramMemory.v(30) has no driver or initial value, using a default initial value '0'
Warning (10030): Net "rom.waddr_a[2]" at ProgramMemory.v(30) has no driver or initial value, using a default initial value '0'
Warning (10030): Net "rom.waddr_a[1]" at ProgramMemory.v(30) has no driver or initial value, using a default initial value '0'
Warning (10030): Net "rom.waddr_a[0]" at ProgramMemory.v(30) has no driver or initial value, using a default initial value '0'
Warning (10030): Net "rom.we_a" at ProgramMemory.v(30) has no driver or initial value, using a default initial value '0'
Error: Can't elaborate user hierarchy "ProgramMemory:ROMProgramMemory" File: C:/BasicMIPSProcessor_Verano2019/MIPS_Processor.v Line: 98
Error: Quartus II Analysis & Synthesis was unsuccessful. 2 errors, 38 warnings
    Error: Peak virtual memory: 245 megabytes
    Error: Processing ended: Tue Jun 18 19:50:52 2019
    Error: Elapsed time: 00:00:05
    Error: Total CPU time (on all processors): 00:00:04


